#
# A fatal error has been detected by the Java Runtime Environment:
#
#  Internal Error (javaClasses.cpp:126), pid=6572, tid=6720
#  fatal error: Invalid layout of preloaded class
#
# JRE version:  (8.0_20-b26) (build )
# Java VM: Java HotSpot(TM) 64-Bit Server VM (25.20-b23 mixed mode windows-amd64 compressed oops)
# Failed to write core dump. Minidumps are not enabled by default on client versions of Windows
#
# If you would like to submit a bug report, please visit:
#   http://bugreport.sun.com/bugreport/crash.jsp
#

---------------  T H R E A D  ---------------

Current thread (0x000000000043e000):  JavaThread "Unknown thread" [_thread_in_vm, id=6720, stack(0x0000000002e20000,0x0000000002f20000)]

Stack: [0x0000000002e20000,0x0000000002f20000]
Native frames: (J=compiled Java code, j=interpreted, Vv=VM code, C=native code)
V  [jvm.dll+0x3152fa]
V  [jvm.dll+0x265d03]
V  [jvm.dll+0x266943]
V  [jvm.dll+0x25e1e6]
V  [jvm.dll+0x5e64c]
V  [jvm.dll+0x5e743]
V  [jvm.dll+0x7316a]
V  [jvm.dll+0x734c8]
V  [jvm.dll+0xe3937]
V  [jvm.dll+0xe3cc6]
V  [jvm.dll+0x1f89d7]
V  [jvm.dll+0x229fc4]
V  [jvm.dll+0x14c6f1]
C  [javaw.exe+0x20c6]
C  [javaw.exe+0xc9eb]
C  [javaw.exe+0xca7f]
C  [kernel32.dll+0x1f56d]
C  [ntdll.dll+0x33281]


---------------  P R O C E S S  ---------------

Java Threads: ( => current thread )

Other Threads:

=>0x000000000043e000 (exited) JavaThread "Unknown thread" [_thread_in_vm, id=6720, stack(0x0000000002e20000,0x0000000002f20000)]

VM state:not at safepoint (not fully initialized)

VM Mutex/Monitor currently owned by a thread: None

GC Heap History (0 events):
No events

Deoptimization events (0 events):
No events

Internal exceptions (0 events):
No events

Events (10 events):
Event: 0.021 loading class java/lang/CharSequence done
Event: 0.022 loading class java/lang/String done
Event: 0.022 loading class java/lang/Class
Event: 0.022 loading class java/lang/reflect/AnnotatedElement
Event: 0.022 loading class java/lang/reflect/AnnotatedElement done
Event: 0.022 loading class java/lang/reflect/GenericDeclaration
Event: 0.022 loading class java/lang/reflect/GenericDeclaration done
Event: 0.022 loading class java/lang/reflect/Type
Event: 0.022 loading class java/lang/reflect/Type done
Event: 0.022 loading class java/lang/Class done


Dynamic libraries:
0x000000013f2a0000 - 0x000000013f2d4000 	C:\Program Files\Java\jre1.8.0_20\bin\javaw.exe
0x0000000077a00000 - 0x0000000077bab000 	C:\Windows\SYSTEM32\ntdll.dll
0x00000000771e0000 - 0x00000000772ff000 	C:\Windows\system32\kernel32.dll
0x000007fefe020000 - 0x000007fefe08b000 	C:\Windows\system32\KERNELBASE.dll
0x000007feffa50000 - 0x000007feffb2b000 	C:\Windows\system32\ADVAPI32.dll
0x000007fefe330000 - 0x000007fefe3cf000 	C:\Windows\system32\msvcrt.dll
0x000007fefe3d0000 - 0x000007fefe3ef000 	C:\Windows\SYSTEM32\sechost.dll
0x000007feff740000 - 0x000007feff86e000 	C:\Windows\system32\RPCRT4.dll
0x0000000077900000 - 0x00000000779fa000 	C:\Windows\system32\USER32.dll
0x000007fefe0b0000 - 0x000007fefe117000 	C:\Windows\system32\GDI32.dll
0x000007feff600000 - 0x000007feff60e000 	C:\Windows\system32\LPK.dll
0x000007feffc40000 - 0x000007feffd0a000 	C:\Windows\system32\USP10.dll
0x000007fefb730000 - 0x000007fefb924000 	C:\Windows\WinSxS\amd64_microsoft.windows.common-controls_6595b64144ccf1df_6.0.7600.16385_none_fa645303170382f6\COMCTL32.dll
0x000007feff2d0000 - 0x000007feff341000 	C:\Windows\system32\SHLWAPI.dll
0x000007feff180000 - 0x000007feff1ae000 	C:\Windows\system32\IMM32.DLL
0x000007fefe120000 - 0x000007fefe229000 	C:\Windows\system32\MSCTF.dll
0x000007fefdc10000 - 0x000007fefdc3f000 	C:\Windows\system32\nvinitx.dll
0x000000000f000000 - 0x000000000f006000 	C:\Program Files\NVIDIA Corporation\CoProcManager\_etoured.dll
0x000007fefa8c0000 - 0x000007fefa91f000 	C:\Program Files\NVIDIA Corporation\CoProcManager\nvd3d9wrapx.dll
0x000007feff870000 - 0x000007feffa47000 	C:\Windows\system32\SETUPAPI.dll
0x000007fefdd00000 - 0x000007fefdd36000 	C:\Windows\system32\CFGMGR32.dll
0x000007feff660000 - 0x000007feff737000 	C:\Windows\system32\OLEAUT32.dll
0x000007feff3f0000 - 0x000007feff5f1000 	C:\Windows\system32\ole32.dll
0x000007fefdfc0000 - 0x000007fefdfda000 	C:\Windows\system32\DEVOBJ.dll
0x000007fefa870000 - 0x000007fefa8b6000 	C:\Program Files\NVIDIA Corporation\CoProcManager\nvdxgiwrapx.dll
0x000000005ef30000 - 0x000000005f002000 	C:\Program Files\Java\jre1.8.0_20\bin\msvcr100.dll
0x0000000002560000 - 0x0000000002db8000 	C:\Program Files\Java\jre1.8.0_20\bin\server\jvm.dll
0x000007fef4e40000 - 0x000007fef4e49000 	C:\Windows\system32\WSOCK32.dll
0x000007feff610000 - 0x000007feff65d000 	C:\Windows\system32\WS2_32.dll
0x000007feff1b0000 - 0x000007feff1b8000 	C:\Windows\system32\NSI.dll
0x000007fefdeb0000 - 0x000007fefdeeb000 	C:\Windows\system32\WINMM.dll
0x0000000077bc0000 - 0x0000000077bc7000 	C:\Windows\system32\PSAPI.DLL
0x000000005fe50000 - 0x000000005fe5f000 	C:\Program Files\Java\jre1.8.0_20\bin\verify.dll
0x000000005ef00000 - 0x000000005ef28000 	C:\Program Files\Java\jre1.8.0_20\bin\java.dll
0x000000005eee0000 - 0x000000005eef6000 	C:\Program Files\Java\jre1.8.0_20\bin\zip.dll
0x000007fee7d30000 - 0x000007fee7e55000 	C:\Windows\system32\dbghelp.dll

VM Arguments:
jvm_args: -Dfile.encoding=UTF-8 -Xbootclasspath:D:\android\adt-bundle-windows-x86_64-20130522\sdk\platforms\android-21\android.jar 
java_command: com.miao.iwish.util.AESUtil
java_class_path (initial): D:\android\work\iwish\bin\classes;D:\android\work\iwish\libs\android-support-v4.jar;D:\android\work\iwish\libs\commons-codec-1.3.jar;D:\android\work\iwish\libs\axis.jar;D:\android\work\appcompat_v7\libs\android-support-v7-appcompat.jar;D:\android\work\appcompat_v7\bin\appcompat_v7.jar
Launcher Type: SUN_STANDARD

Environment Variables:
JAVA_HOME=C:\Program Files\Java\jdk1.8.0_20
CLASSPATH=.;C:\Program Files\Java\jdk1.8.0_20\lib\dt.jar;C:\Program Files\Java\jdk1.8.0_20\lib\tools.jar;
PATH=C:/Program Files/Java/jdk1.8.0_20/bin/../jre/bin/server;C:/Program Files/Java/jdk1.8.0_20/bin/../jre/bin;C:/Program Files/Java/jdk1.8.0_20/bin/../jre/lib/amd64;C:\Program Files\Java\jdk1.8.0_20\bin;C:\Program Files\Java\jdk1.8.0_20\jre\bin;C:\ProgramData\Oracle\Java\javapath;C:\Program Files (x86)\NVIDIA Corporation\PhysX\Common;C:\Program Files (x86)\Intel\iCLS Client\;C:\Program Files\Intel\iCLS Client\;C:\Windows\system32;C:\Windows;C:\Windows\System32\Wbem;C:\Windows\System32\WindowsPowerShell\v1.0\;C:\Program Files\Intel\Intel(R) Management Engine Components\DAL;C:\Program Files\Intel\Intel(R) Management Engine Components\IPT;C:\Program Files (x86)\Intel\Intel(R) Management Engine Components\DAL;C:\Program Files (x86)\Intel\Intel(R) Management Engine Components\IPT;C:\Program Files (x86)\Intel\OpenCL SDK\3.0\bin\x86;C:\Program Files (x86)\Intel\OpenCL SDK\3.0\bin\x64;D:\android\adt-bundle-windows-x86_64-20130522\sdk\tools;D:\android\adt-bundle-windows-x86_64-20130522\sdk\platform-tools;D:\android-studio\gradle-2.3\bin;d:\Windows7Master;D:\Windows7Master;D:\TortoiseGit\bin;C:\Program Files\TortoiseSVN\bin;D:\android\adt-bundle-windows-x86_64-20130522\eclipse;
USERNAME=liang
OS=Windows_NT
PROCESSOR_IDENTIFIER=Intel64 Family 6 Model 60 Stepping 3, GenuineIntel



---------------  S Y S T E M  ---------------

OS: Windows 7 , 64 bit Build 7600 

CPU:total 4 (2 cores per cpu, 2 threads per core) family 6 model 60 stepping 3, cmov, cx8, fxsr, mmx, sse, sse2, sse3, ssse3, sse4.1, sse4.2, popcnt, aes, clmul, erms, lzcnt, ht, tsc, tscinvbit, bmi1, bmi2

Memory: 4k page, physical 8302960k(3810956k free), swap 16604024k(11236176k free)

vm_info: Java HotSpot(TM) 64-Bit Server VM (25.20-b23) for windows-amd64 JRE (1.8.0_20-b26), built on Jul 30 2014 13:51:23 by "java_re" with MS VC++ 10.0 (VS2010)

time: Fri Jul 10 14:18:07 2015
elapsed time: 0 seconds (0d 0h 0m 0s)

